<?xml version="1.0" encoding="UTF-8"?>
<!-- Generated by org.testng.reporters.JUnitReportReporter -->
<testsuite hostname="IN-2XLTZD3" failures="0" tests="1" name="testCases.TC_RegisterTest" time="4.284" errors="0" timestamp="2023-07-13T10:47:47 IST" skipped="0">
  <testcase classname="testCases.TC_RegisterTest" name="register" time="4.284"/>
  <system-out/>
</testsuite> <!-- testCases.TC_RegisterTest -->
