<?xml version="1.0" encoding="UTF-8"?>
<!-- Generated by org.testng.reporters.JUnitReportReporter -->
<testsuite hostname="IN-2XLTZD3" failures="0" tests="1" name="testCases.TC_DynamicDataTest" time="35.166" errors="0" timestamp="2023-07-13T10:47:47 IST" skipped="0">
  <testcase classname="testCases.TC_DynamicDataTest" name="dynamicdata" time="35.166"/>
  <system-out/>
</testsuite> <!-- testCases.TC_DynamicDataTest -->
