<?xml version="1.0" encoding="UTF-8"?>
<!-- Generated by org.testng.reporters.JUnitReportReporter -->
<testsuite hostname="IN-2XLTZD3" failures="0" tests="1" name="testCases.TC_LoginTest" time="11.966" errors="0" timestamp="2023-07-20T18:13:59 IST" skipped="0">
  <testcase classname="testCases.TC_LoginTest" name="login" time="11.966"/>
  <system-out/>
</testsuite> <!-- testCases.TC_LoginTest -->
